<?xml version="1.0" encoding="UTF-8" ?>
<testsuite tests="11" failures="0" name="service.ProductServiceTest" time="0.006" errors="0" skipped="0">
  <properties>
[...]
</properties>
  <testcase classname="service.ProductServiceTest" name="testGetProductNameExist" time="0.006"/>
  <testcase classname="service.ProductServiceTest" name="testIsProductExistByNameFalse" time="0"/>
  <testcase classname="service.ProductServiceTest" name="testIsProductExistByNameTrue" time="0"/>
  <testcase classname="service.ProductServiceTest" name="testIsProductOnWarehouseWhenIs" time="0"/>
  <testcase classname="service.ProductServiceTest" name="testIsProductOnWarehouseWhenNotIs" time="0"/>
  <testcase classname="service.ProductServiceTest" name="testIsProductExistByIdTrue" time="0"/>
  <testcase classname="service.ProductServiceTest" name="testGetCountProductsWithoutProducts" time="0"/>
  <testcase classname="service.ProductServiceTest" name="testGetCountProductsWithProducts" time="0"/>
  <testcase classname="service.ProductServiceTest" name="testGetProductNameNotExist" time="0"/>
  <testcase classname="service.ProductServiceTest" name="testIsProductExistByIdFalse" time="0"/>
  <testcase classname="service.ProductServiceTest" name="testGetAllProducts" time="0"/>
</testsuite>